<?xml version="1.0" encoding="UTF-8"?>
<!-- Generated by org.testng.reporters.JUnitXMLReporter -->
<testsuite ignored="1" hostname="DESKTOP-J9AEECA" failures="0" tests="5" name="Chrome Browser" time="85.319" errors="0" timestamp="2024-06-13T12:00:29 IST">
  <testcase classname="com.agrilin.testscript.HomePageTest" name="logInTest" time="6.684"/>
  <testcase classname="com.agrilin.testscript.TrendingProductsTest" name="trendingProducts" time="12.423"/>
  <testcase classname="com.agrilin.testscript.InvalidLogIn" name="inValidLoginScenaio_1" time="2.944"/>
  <testcase classname="com.agrilin.testscript.InvalidLogIn" name="inValidLoginScenaio_2" time="1.811"/>
  <testcase classname="com.agrilin.testscript.ValidLogIn" name="validLogIn" time="6.118"/>
  <testcase classname="com.agrilin.testscript.OrderStatisticsTest" name="orderStatistics" time="0.0">
    <ignored/>
  </testcase> <!-- orderStatistics -->
</testsuite> <!-- Chrome Browser -->
