<?xml version="1.0" encoding="UTF-8"?>
<!-- Generated by org.testng.reporters.JUnitXMLReporter -->
<testsuite ignored="1" hostname="DESKTOP-J9AEECA" failures="0" tests="5" name="Edge Browser" time="100.05" errors="0" timestamp="2024-06-13T12:00:41 IST">
  <testcase classname="com.agrilin.testscript.HomePageTest" name="logInTest" time="7.674"/>
  <testcase classname="com.agrilin.testscript.TrendingProductsTest" name="trendingProducts" time="15.623"/>
  <testcase classname="com.agrilin.testscript.InvalidLogIn" name="inValidLoginScenaio_1" time="1.818"/>
  <testcase classname="com.agrilin.testscript.InvalidLogIn" name="inValidLoginScenaio_2" time="1.28"/>
  <testcase classname="com.agrilin.testscript.ValidLogIn" name="validLogIn" time="5.076"/>
  <testcase classname="com.agrilin.testscript.OrderStatisticsTest" name="orderStatistics" time="0.0">
    <ignored/>
  </testcase> <!-- orderStatistics -->
</testsuite> <!-- Edge Browser -->
