<?xml version="1.0" encoding="UTF-8"?>
<!-- Generated by org.testng.reporters.JUnitXMLReporter -->
<testsuite ignored="1" hostname="DESKTOP-J9AEECA" failures="0" tests="5" name="Firefox Browser" time="120.98" errors="0" timestamp="2024-06-13T12:01:02 IST">
  <testcase classname="com.agrilin.testscript.HomePageTest" name="logInTest" time="9.348"/>
  <testcase classname="com.agrilin.testscript.TrendingProductsTest" name="trendingProducts" time="14.9"/>
  <testcase classname="com.agrilin.testscript.InvalidLogIn" name="inValidLoginScenaio_1" time="1.113"/>
  <testcase classname="com.agrilin.testscript.InvalidLogIn" name="inValidLoginScenaio_2" time="0.719"/>
  <testcase classname="com.agrilin.testscript.ValidLogIn" name="validLogIn" time="4.63"/>
  <testcase classname="com.agrilin.testscript.OrderStatisticsTest" name="orderStatistics" time="0.0">
    <ignored/>
  </testcase> <!-- orderStatistics -->
</testsuite> <!-- Firefox Browser -->
