<?xml version="1.0" encoding="UTF-8"?>
<testsuite xmlns:xsi="http://www.w3.org/2001/XMLSchema-instance" xsi:noNamespaceSchemaLocation="https://maven.apache.org/surefire/maven-surefire-plugin/xsd/surefire-test-report-3.0.xsd" version="3.0" name="TestSuite" time="122.851" tests="15" errors="0" skipped="0" failures="0">
  <properties>
[...]
</properties>
  <testcase name="logInTest" classname="com.agrilin.testscript.HomePageTest" time="6.458">
    <system-err><![CDATA[Jun 13, 2024 11:59:04 AM org.openqa.selenium.devtools.CdpVersionFinder findNearestMatch
WARNING: Unable to find an exact match for CDP version 126, returning the closest version; found: 122; Please update to a Selenium version that supports CDP version 126
Jun 13, 2024 11:59:06 AM org.openqa.selenium.devtools.CdpVersionFinder findNearestMatch
WARNING: Unable to find an exact match for CDP version 125, returning the closest version; found: 122; Please update to a Selenium version that supports CDP version 125
]]></system-err>
  </testcase>
  <testcase name="logInTest" classname="com.agrilin.testscript.HomePageTest" time="8.803"/>
  <testcase name="logInTest" classname="com.agrilin.testscript.HomePageTest" time="2.232">
    <system-err><![CDATA[Jun 13, 2024 11:59:21 AM org.openqa.selenium.devtools.CdpVersionFinder findNearestMatch
WARNING: Unable to find an exact match for CDP version 126, returning the closest version; found: 122; Please update to a Selenium version that supports CDP version 126
Jun 13, 2024 11:59:26 AM org.openqa.selenium.devtools.CdpVersionFinder findNearestMatch
WARNING: Unable to find an exact match for CDP version 125, returning the closest version; found: 122; Please update to a Selenium version that supports CDP version 125
]]></system-err>
  </testcase>
  <testcase name="trendingProducts" classname="com.agrilin.testscript.TrendingProductsTest" time="8.948"/>
  <testcase name="trendingProducts" classname="com.agrilin.testscript.TrendingProductsTest" time="16.946">
    <system-err><![CDATA[Jun 13, 2024 11:59:45 AM org.openqa.selenium.devtools.CdpVersionFinder findNearestMatch
WARNING: Unable to find an exact match for CDP version 126, returning the closest version; found: 122; Please update to a Selenium version that supports CDP version 126
]]></system-err>
  </testcase>
  <testcase name="trendingProducts" classname="com.agrilin.testscript.TrendingProductsTest" time="1.922"/>
  <testcase name="inValidLoginScenaio_1" classname="com.agrilin.testscript.InvalidLogIn" time="2.292">
    <system-out><![CDATA[12345.0
]]></system-out>
  </testcase>
  <testcase name="inValidLoginScenaio_1" classname="com.agrilin.testscript.InvalidLogIn" time="0.823">
    <system-out><![CDATA[12345.0
]]></system-out>
    <system-err><![CDATA[Jun 13, 2024 11:59:57 AM org.openqa.selenium.devtools.CdpVersionFinder findNearestMatch
WARNING: Unable to find an exact match for CDP version 125, returning the closest version; found: 122; Please update to a Selenium version that supports CDP version 125
Jun 13, 2024 12:00:00 PM org.openqa.selenium.devtools.CdpVersionFinder findNearestMatch
WARNING: Unable to find an exact match for CDP version 126, returning the closest version; found: 122; Please update to a Selenium version that supports CDP version 126
]]></system-err>
  </testcase>
  <testcase name="inValidLoginScenaio_1" classname="com.agrilin.testscript.InvalidLogIn" time="1.268">
    <system-out><![CDATA[12345.0
]]></system-out>
    <system-err><![CDATA[Jun 13, 2024 12:00:29 PM org.openqa.selenium.devtools.CdpVersionFinder findNearestMatch
WARNING: Unable to find an exact match for CDP version 125, returning the closest version; found: 122; Please update to a Selenium version that supports CDP version 125
]]></system-err>
  </testcase>
  <testcase name="inValidLoginScenaio_2" classname="com.agrilin.testscript.InvalidLogIn" time="2.962"/>
  <testcase name="inValidLoginScenaio_2" classname="com.agrilin.testscript.InvalidLogIn" time="1.763">
    <system-err><![CDATA[Jun 13, 2024 12:00:12 PM org.openqa.selenium.devtools.CdpVersionFinder findNearestMatch
WARNING: Unable to find an exact match for CDP version 126, returning the closest version; found: 122; Please update to a Selenium version that supports CDP version 126
Jun 13, 2024 12:00:14 PM org.openqa.selenium.devtools.CdpVersionFinder findNearestMatch
WARNING: Unable to find an exact match for CDP version 125, returning the closest version; found: 122; Please update to a Selenium version that supports CDP version 125
]]></system-err>
  </testcase>
  <testcase name="inValidLoginScenaio_2" classname="com.agrilin.testscript.InvalidLogIn" time="0.785"/>
  <testcase name="validLogIn" classname="com.agrilin.testscript.ValidLogIn" time="6.511"/>
  <testcase name="validLogIn" classname="com.agrilin.testscript.ValidLogIn" time="5.699"/>
  <testcase name="validLogIn" classname="com.agrilin.testscript.ValidLogIn" time="4.765"/>
</testsuite>