<?xml version="1.0" encoding="UTF-8"?>
<testng-results ignored="0" total="15" passed="15" failed="0" skipped="0">
  <reporter-output>
  </reporter-output>
  <suite started-at="2024-06-13T11:59:01 IST" name="Suite" finished-at="2024-06-13T12:01:02 IST" duration-ms="120980">
    <groups>
      <group name="trending">
        <method signature="TrendingProductsTest.trendingProducts()[pri:0, instance:com.agrilin.testscript.TrendingProductsTest@305f7627]" name="trendingProducts" class="com.agrilin.testscript.TrendingProductsTest"/>
        <method signature="TrendingProductsTest.trendingProducts()[pri:0, instance:com.agrilin.testscript.TrendingProductsTest@277f7dd3]" name="trendingProducts" class="com.agrilin.testscript.TrendingProductsTest"/>
        <method signature="TrendingProductsTest.trendingProducts()[pri:0, instance:com.agrilin.testscript.TrendingProductsTest@2b491fee]" name="trendingProducts" class="com.agrilin.testscript.TrendingProductsTest"/>
      </group> <!-- trending -->
      <group name="invalid login">
        <method signature="InvalidLogIn.inValidLoginScenaio_1()[pri:0, instance:com.agrilin.testscript.InvalidLogIn@5d018107]" name="inValidLoginScenaio_1" class="com.agrilin.testscript.InvalidLogIn"/>
        <method signature="InvalidLogIn.inValidLoginScenaio_2()[pri:0, instance:com.agrilin.testscript.InvalidLogIn@5d018107]" name="inValidLoginScenaio_2" class="com.agrilin.testscript.InvalidLogIn"/>
        <method signature="InvalidLogIn.inValidLoginScenaio_1()[pri:0, instance:com.agrilin.testscript.InvalidLogIn@6c8bca63]" name="inValidLoginScenaio_1" class="com.agrilin.testscript.InvalidLogIn"/>
        <method signature="InvalidLogIn.inValidLoginScenaio_2()[pri:0, instance:com.agrilin.testscript.InvalidLogIn@6c8bca63]" name="inValidLoginScenaio_2" class="com.agrilin.testscript.InvalidLogIn"/>
        <method signature="InvalidLogIn.inValidLoginScenaio_1()[pri:0, instance:com.agrilin.testscript.InvalidLogIn@3f1c5af9]" name="inValidLoginScenaio_1" class="com.agrilin.testscript.InvalidLogIn"/>
        <method signature="InvalidLogIn.inValidLoginScenaio_2()[pri:0, instance:com.agrilin.testscript.InvalidLogIn@3f1c5af9]" name="inValidLoginScenaio_2" class="com.agrilin.testscript.InvalidLogIn"/>
      </group> <!-- invalid login -->
      <group name="login">
        <method signature="HomePageTest.logInTest()[pri:0, instance:com.agrilin.testscript.HomePageTest@53f48368]" name="logInTest" class="com.agrilin.testscript.HomePageTest"/>
        <method signature="InvalidLogIn.inValidLoginScenaio_1()[pri:0, instance:com.agrilin.testscript.InvalidLogIn@5d018107]" name="inValidLoginScenaio_1" class="com.agrilin.testscript.InvalidLogIn"/>
        <method signature="InvalidLogIn.inValidLoginScenaio_2()[pri:0, instance:com.agrilin.testscript.InvalidLogIn@5d018107]" name="inValidLoginScenaio_2" class="com.agrilin.testscript.InvalidLogIn"/>
        <method signature="ValidLogIn.validLogIn()[pri:0, instance:com.agrilin.testscript.ValidLogIn@29e6eb25]" name="validLogIn" class="com.agrilin.testscript.ValidLogIn"/>
        <method signature="HomePageTest.logInTest()[pri:0, instance:com.agrilin.testscript.HomePageTest@5536379e]" name="logInTest" class="com.agrilin.testscript.HomePageTest"/>
        <method signature="InvalidLogIn.inValidLoginScenaio_1()[pri:0, instance:com.agrilin.testscript.InvalidLogIn@6c8bca63]" name="inValidLoginScenaio_1" class="com.agrilin.testscript.InvalidLogIn"/>
        <method signature="InvalidLogIn.inValidLoginScenaio_2()[pri:0, instance:com.agrilin.testscript.InvalidLogIn@6c8bca63]" name="inValidLoginScenaio_2" class="com.agrilin.testscript.InvalidLogIn"/>
        <method signature="ValidLogIn.validLogIn()[pri:0, instance:com.agrilin.testscript.ValidLogIn@470a696f]" name="validLogIn" class="com.agrilin.testscript.ValidLogIn"/>
        <method signature="HomePageTest.logInTest()[pri:0, instance:com.agrilin.testscript.HomePageTest@292d1c71]" name="logInTest" class="com.agrilin.testscript.HomePageTest"/>
        <method signature="InvalidLogIn.inValidLoginScenaio_1()[pri:0, instance:com.agrilin.testscript.InvalidLogIn@3f1c5af9]" name="inValidLoginScenaio_1" class="com.agrilin.testscript.InvalidLogIn"/>
        <method signature="InvalidLogIn.inValidLoginScenaio_2()[pri:0, instance:com.agrilin.testscript.InvalidLogIn@3f1c5af9]" name="inValidLoginScenaio_2" class="com.agrilin.testscript.InvalidLogIn"/>
        <method signature="ValidLogIn.validLogIn()[pri:0, instance:com.agrilin.testscript.ValidLogIn@5ddabb18]" name="validLogIn" class="com.agrilin.testscript.ValidLogIn"/>
      </group> <!-- login -->
    </groups>
    <test started-at="2024-06-13T11:59:01 IST" name="Chrome Browser" finished-at="2024-06-13T12:00:26 IST" duration-ms="85319">
      <class name="com.agrilin.testscript.ValidLogIn">
        <test-method is-config="true" signature="openBrowser(java.lang.String)[pri:0, instance:com.agrilin.testscript.ValidLogIn@29e6eb25]" started-at="2024-06-13T12:00:09 IST" name="openBrowser" finished-at="2024-06-13T12:00:18 IST" duration-ms="9161" status="PASS">
          <params>
            <param index="0">
              <value>
                <![CDATA[chrome]]>
              </value>
            </param>
          </params>
          <reporter-output>
          </reporter-output>
        </test-method> <!-- openBrowser -->
        <test-method signature="validLogIn()[pri:0, instance:com.agrilin.testscript.ValidLogIn@29e6eb25]" started-at="2024-06-13T12:00:18 IST" name="validLogIn" finished-at="2024-06-13T12:00:25 IST" duration-ms="6118" status="PASS">
          <reporter-output>
          </reporter-output>
        </test-method> <!-- validLogIn -->
        <test-method is-config="true" signature="closeBrowser()[pri:0, instance:com.agrilin.testscript.ValidLogIn@29e6eb25]" started-at="2024-06-13T12:00:26 IST" name="closeBrowser" finished-at="2024-06-13T12:00:26 IST" duration-ms="575" status="PASS">
          <reporter-output>
          </reporter-output>
        </test-method> <!-- closeBrowser -->
      </class> <!-- com.agrilin.testscript.ValidLogIn -->
      <class name="com.agrilin.testscript.HomePageTest">
        <test-method is-config="true" signature="openBrowser(java.lang.String)[pri:0, instance:com.agrilin.testscript.HomePageTest@53f48368]" started-at="2024-06-13T11:59:01 IST" name="openBrowser" finished-at="2024-06-13T11:59:09 IST" duration-ms="7613" status="PASS">
          <params>
            <param index="0">
              <value>
                <![CDATA[chrome]]>
              </value>
            </param>
          </params>
          <reporter-output>
          </reporter-output>
        </test-method> <!-- openBrowser -->
        <test-method signature="logInTest()[pri:0, instance:com.agrilin.testscript.HomePageTest@53f48368]" started-at="2024-06-13T11:59:09 IST" name="logInTest" finished-at="2024-06-13T11:59:15 IST" duration-ms="6684" status="PASS">
          <reporter-output>
          </reporter-output>
        </test-method> <!-- logInTest -->
        <test-method is-config="true" signature="closeBrowser()[pri:0, instance:com.agrilin.testscript.HomePageTest@53f48368]" started-at="2024-06-13T11:59:17 IST" name="closeBrowser" finished-at="2024-06-13T11:59:18 IST" duration-ms="871" status="PASS">
          <reporter-output>
          </reporter-output>
        </test-method> <!-- closeBrowser -->
      </class> <!-- com.agrilin.testscript.HomePageTest -->
      <class name="com.agrilin.testscript.InvalidLogIn">
        <test-method is-config="true" signature="openBrowser(java.lang.String)[pri:0, instance:com.agrilin.testscript.InvalidLogIn@5d018107]" started-at="2024-06-13T11:59:41 IST" name="openBrowser" finished-at="2024-06-13T11:59:51 IST" duration-ms="10035" status="PASS">
          <params>
            <param index="0">
              <value>
                <![CDATA[chrome]]>
              </value>
            </param>
          </params>
          <reporter-output>
          </reporter-output>
        </test-method> <!-- openBrowser -->
        <test-method signature="inValidLoginScenaio_1()[pri:0, instance:com.agrilin.testscript.InvalidLogIn@5d018107]" started-at="2024-06-13T11:59:51 IST" name="inValidLoginScenaio_1" finished-at="2024-06-13T11:59:54 IST" duration-ms="2944" status="PASS">
          <reporter-output>
          </reporter-output>
        </test-method> <!-- inValidLoginScenaio_1 -->
        <test-method is-config="true" signature="closeBrowser()[pri:0, instance:com.agrilin.testscript.InvalidLogIn@5d018107]" started-at="2024-06-13T11:59:55 IST" name="closeBrowser" finished-at="2024-06-13T11:59:55 IST" duration-ms="361" status="PASS">
          <reporter-output>
          </reporter-output>
        </test-method> <!-- closeBrowser -->
        <test-method is-config="true" signature="openBrowser(java.lang.String)[pri:0, instance:com.agrilin.testscript.InvalidLogIn@5d018107]" started-at="2024-06-13T11:59:55 IST" name="openBrowser" finished-at="2024-06-13T12:00:06 IST" duration-ms="10839" status="PASS">
          <params>
            <param index="0">
              <value>
                <![CDATA[chrome]]>
              </value>
            </param>
          </params>
          <reporter-output>
          </reporter-output>
        </test-method> <!-- openBrowser -->
        <test-method signature="inValidLoginScenaio_2()[pri:0, instance:com.agrilin.testscript.InvalidLogIn@5d018107]" started-at="2024-06-13T12:00:06 IST" name="inValidLoginScenaio_2" finished-at="2024-06-13T12:00:08 IST" duration-ms="1811" status="PASS">
          <reporter-output>
          </reporter-output>
        </test-method> <!-- inValidLoginScenaio_2 -->
        <test-method is-config="true" signature="closeBrowser()[pri:0, instance:com.agrilin.testscript.InvalidLogIn@5d018107]" started-at="2024-06-13T12:00:09 IST" name="closeBrowser" finished-at="2024-06-13T12:00:09 IST" duration-ms="361" status="PASS">
          <reporter-output>
          </reporter-output>
        </test-method> <!-- closeBrowser -->
      </class> <!-- com.agrilin.testscript.InvalidLogIn -->
      <class name="com.agrilin.testscript.TrendingProductsTest">
        <test-method is-config="true" signature="openBrowser(java.lang.String)[pri:0, instance:com.agrilin.testscript.TrendingProductsTest@305f7627]" started-at="2024-06-13T11:59:18 IST" name="openBrowser" finished-at="2024-06-13T11:59:28 IST" duration-ms="9849" status="PASS">
          <params>
            <param index="0">
              <value>
                <![CDATA[chrome]]>
              </value>
            </param>
          </params>
          <reporter-output>
          </reporter-output>
        </test-method> <!-- openBrowser -->
        <test-method signature="trendingProducts()[pri:0, instance:com.agrilin.testscript.TrendingProductsTest@305f7627]" started-at="2024-06-13T11:59:28 IST" name="trendingProducts" finished-at="2024-06-13T11:59:40 IST" duration-ms="12423" status="PASS">
          <reporter-output>
          </reporter-output>
        </test-method> <!-- trendingProducts -->
        <test-method is-config="true" signature="closeBrowser()[pri:0, instance:com.agrilin.testscript.TrendingProductsTest@305f7627]" started-at="2024-06-13T11:59:41 IST" name="closeBrowser" finished-at="2024-06-13T11:59:41 IST" duration-ms="471" status="PASS">
          <reporter-output>
          </reporter-output>
        </test-method> <!-- closeBrowser -->
      </class> <!-- com.agrilin.testscript.TrendingProductsTest -->
    </test> <!-- Chrome Browser -->
    <test started-at="2024-06-13T11:59:01 IST" name="Edge Browser" finished-at="2024-06-13T12:00:41 IST" duration-ms="100050">
      <class name="com.agrilin.testscript.ValidLogIn">
        <test-method is-config="true" signature="openBrowser(java.lang.String)[pri:0, instance:com.agrilin.testscript.ValidLogIn@5ddabb18]" started-at="2024-06-13T12:00:23 IST" name="openBrowser" finished-at="2024-06-13T12:00:34 IST" duration-ms="11125" status="PASS">
          <params>
            <param index="0">
              <value>
                <![CDATA[edge]]>
              </value>
            </param>
          </params>
          <reporter-output>
          </reporter-output>
        </test-method> <!-- openBrowser -->
        <test-method signature="validLogIn()[pri:0, instance:com.agrilin.testscript.ValidLogIn@5ddabb18]" started-at="2024-06-13T12:00:34 IST" name="validLogIn" finished-at="2024-06-13T12:00:39 IST" duration-ms="5076" status="PASS">
          <reporter-output>
          </reporter-output>
        </test-method> <!-- validLogIn -->
        <test-method is-config="true" signature="closeBrowser()[pri:0, instance:com.agrilin.testscript.ValidLogIn@5ddabb18]" started-at="2024-06-13T12:00:40 IST" name="closeBrowser" finished-at="2024-06-13T12:00:41 IST" duration-ms="1446" status="PASS">
          <reporter-output>
          </reporter-output>
        </test-method> <!-- closeBrowser -->
      </class> <!-- com.agrilin.testscript.ValidLogIn -->
      <class name="com.agrilin.testscript.HomePageTest">
        <test-method is-config="true" signature="openBrowser(java.lang.String)[pri:0, instance:com.agrilin.testscript.HomePageTest@292d1c71]" started-at="2024-06-13T11:59:01 IST" name="openBrowser" finished-at="2024-06-13T11:59:11 IST" duration-ms="9696" status="PASS">
          <params>
            <param index="0">
              <value>
                <![CDATA[edge]]>
              </value>
            </param>
          </params>
          <reporter-output>
          </reporter-output>
        </test-method> <!-- openBrowser -->
        <test-method signature="logInTest()[pri:0, instance:com.agrilin.testscript.HomePageTest@292d1c71]" started-at="2024-06-13T11:59:11 IST" name="logInTest" finished-at="2024-06-13T11:59:18 IST" duration-ms="7674" status="PASS">
          <reporter-output>
          </reporter-output>
        </test-method> <!-- logInTest -->
        <test-method is-config="true" signature="closeBrowser()[pri:0, instance:com.agrilin.testscript.HomePageTest@292d1c71]" started-at="2024-06-13T11:59:19 IST" name="closeBrowser" finished-at="2024-06-13T11:59:21 IST" duration-ms="1619" status="PASS">
          <reporter-output>
          </reporter-output>
        </test-method> <!-- closeBrowser -->
      </class> <!-- com.agrilin.testscript.HomePageTest -->
      <class name="com.agrilin.testscript.InvalidLogIn">
        <test-method is-config="true" signature="openBrowser(java.lang.String)[pri:0, instance:com.agrilin.testscript.InvalidLogIn@3f1c5af9]" started-at="2024-06-13T11:59:52 IST" name="openBrowser" finished-at="2024-06-13T12:00:05 IST" duration-ms="12604" status="PASS">
          <params>
            <param index="0">
              <value>
                <![CDATA[edge]]>
              </value>
            </param>
          </params>
          <reporter-output>
          </reporter-output>
        </test-method> <!-- openBrowser -->
        <test-method signature="inValidLoginScenaio_1()[pri:0, instance:com.agrilin.testscript.InvalidLogIn@3f1c5af9]" started-at="2024-06-13T12:00:05 IST" name="inValidLoginScenaio_1" finished-at="2024-06-13T12:00:06 IST" duration-ms="1818" status="PASS">
          <reporter-output>
          </reporter-output>
        </test-method> <!-- inValidLoginScenaio_1 -->
        <test-method is-config="true" signature="closeBrowser()[pri:0, instance:com.agrilin.testscript.InvalidLogIn@3f1c5af9]" started-at="2024-06-13T12:00:07 IST" name="closeBrowser" finished-at="2024-06-13T12:00:09 IST" duration-ms="1752" status="PASS">
          <reporter-output>
          </reporter-output>
        </test-method> <!-- closeBrowser -->
        <test-method is-config="true" signature="openBrowser(java.lang.String)[pri:0, instance:com.agrilin.testscript.InvalidLogIn@3f1c5af9]" started-at="2024-06-13T12:00:09 IST" name="openBrowser" finished-at="2024-06-13T12:00:19 IST" duration-ms="10604" status="PASS">
          <params>
            <param index="0">
              <value>
                <![CDATA[edge]]>
              </value>
            </param>
          </params>
          <reporter-output>
          </reporter-output>
        </test-method> <!-- openBrowser -->
        <test-method signature="inValidLoginScenaio_2()[pri:0, instance:com.agrilin.testscript.InvalidLogIn@3f1c5af9]" started-at="2024-06-13T12:00:19 IST" name="inValidLoginScenaio_2" finished-at="2024-06-13T12:00:20 IST" duration-ms="1280" status="PASS">
          <reporter-output>
          </reporter-output>
        </test-method> <!-- inValidLoginScenaio_2 -->
        <test-method is-config="true" signature="closeBrowser()[pri:0, instance:com.agrilin.testscript.InvalidLogIn@3f1c5af9]" started-at="2024-06-13T12:00:21 IST" name="closeBrowser" finished-at="2024-06-13T12:00:23 IST" duration-ms="1784" status="PASS">
          <reporter-output>
          </reporter-output>
        </test-method> <!-- closeBrowser -->
      </class> <!-- com.agrilin.testscript.InvalidLogIn -->
      <class name="com.agrilin.testscript.TrendingProductsTest">
        <test-method is-config="true" signature="openBrowser(java.lang.String)[pri:0, instance:com.agrilin.testscript.TrendingProductsTest@2b491fee]" started-at="2024-06-13T11:59:21 IST" name="openBrowser" finished-at="2024-06-13T11:59:32 IST" duration-ms="10841" status="PASS">
          <params>
            <param index="0">
              <value>
                <![CDATA[edge]]>
              </value>
            </param>
          </params>
          <reporter-output>
          </reporter-output>
        </test-method> <!-- openBrowser -->
        <test-method signature="trendingProducts()[pri:0, instance:com.agrilin.testscript.TrendingProductsTest@2b491fee]" started-at="2024-06-13T11:59:32 IST" name="trendingProducts" finished-at="2024-06-13T11:59:48 IST" duration-ms="15623" status="PASS">
          <reporter-output>
          </reporter-output>
        </test-method> <!-- trendingProducts -->
        <test-method is-config="true" signature="closeBrowser()[pri:0, instance:com.agrilin.testscript.TrendingProductsTest@2b491fee]" started-at="2024-06-13T11:59:49 IST" name="closeBrowser" finished-at="2024-06-13T11:59:52 IST" duration-ms="3018" status="PASS">
          <reporter-output>
          </reporter-output>
        </test-method> <!-- closeBrowser -->
      </class> <!-- com.agrilin.testscript.TrendingProductsTest -->
    </test> <!-- Edge Browser -->
    <test started-at="2024-06-13T11:59:01 IST" name="Firefox Browser" finished-at="2024-06-13T12:01:02 IST" duration-ms="120980">
      <class name="com.agrilin.testscript.ValidLogIn">
        <test-method is-config="true" signature="openBrowser(java.lang.String)[pri:0, instance:com.agrilin.testscript.ValidLogIn@470a696f]" started-at="2024-06-13T12:00:47 IST" name="openBrowser" finished-at="2024-06-13T12:00:56 IST" duration-ms="8736" status="PASS">
          <params>
            <param index="0">
              <value>
                <![CDATA[firefox]]>
              </value>
            </param>
          </params>
          <reporter-output>
          </reporter-output>
        </test-method> <!-- openBrowser -->
        <test-method signature="validLogIn()[pri:0, instance:com.agrilin.testscript.ValidLogIn@470a696f]" started-at="2024-06-13T12:00:56 IST" name="validLogIn" finished-at="2024-06-13T12:01:00 IST" duration-ms="4630" status="PASS">
          <reporter-output>
          </reporter-output>
        </test-method> <!-- validLogIn -->
        <test-method is-config="true" signature="closeBrowser()[pri:0, instance:com.agrilin.testscript.ValidLogIn@470a696f]" started-at="2024-06-13T12:01:00 IST" name="closeBrowser" finished-at="2024-06-13T12:01:02 IST" duration-ms="1527" status="PASS">
          <reporter-output>
          </reporter-output>
        </test-method> <!-- closeBrowser -->
      </class> <!-- com.agrilin.testscript.ValidLogIn -->
      <class name="com.agrilin.testscript.HomePageTest">
        <test-method is-config="true" signature="openBrowser(java.lang.String)[pri:0, instance:com.agrilin.testscript.HomePageTest@5536379e]" started-at="2024-06-13T11:59:01 IST" name="openBrowser" finished-at="2024-06-13T11:59:20 IST" duration-ms="18951" status="PASS">
          <params>
            <param index="0">
              <value>
                <![CDATA[firefox]]>
              </value>
            </param>
          </params>
          <reporter-output>
          </reporter-output>
        </test-method> <!-- openBrowser -->
        <test-method signature="logInTest()[pri:0, instance:com.agrilin.testscript.HomePageTest@5536379e]" started-at="2024-06-13T11:59:20 IST" name="logInTest" finished-at="2024-06-13T11:59:29 IST" duration-ms="9348" status="PASS">
          <reporter-output>
          </reporter-output>
        </test-method> <!-- logInTest -->
        <test-method is-config="true" signature="closeBrowser()[pri:0, instance:com.agrilin.testscript.HomePageTest@5536379e]" started-at="2024-06-13T11:59:30 IST" name="closeBrowser" finished-at="2024-06-13T11:59:34 IST" duration-ms="3611" status="PASS">
          <reporter-output>
          </reporter-output>
        </test-method> <!-- closeBrowser -->
      </class> <!-- com.agrilin.testscript.HomePageTest -->
      <class name="com.agrilin.testscript.InvalidLogIn">
        <test-method is-config="true" signature="openBrowser(java.lang.String)[pri:0, instance:com.agrilin.testscript.InvalidLogIn@6c8bca63]" started-at="2024-06-13T12:00:10 IST" name="openBrowser" finished-at="2024-06-13T12:00:29 IST" duration-ms="19073" status="PASS">
          <params>
            <param index="0">
              <value>
                <![CDATA[firefox]]>
              </value>
            </param>
          </params>
          <reporter-output>
          </reporter-output>
        </test-method> <!-- openBrowser -->
        <test-method signature="inValidLoginScenaio_1()[pri:0, instance:com.agrilin.testscript.InvalidLogIn@6c8bca63]" started-at="2024-06-13T12:00:29 IST" name="inValidLoginScenaio_1" finished-at="2024-06-13T12:00:30 IST" duration-ms="1113" status="PASS">
          <reporter-output>
          </reporter-output>
        </test-method> <!-- inValidLoginScenaio_1 -->
        <test-method is-config="true" signature="closeBrowser()[pri:0, instance:com.agrilin.testscript.InvalidLogIn@6c8bca63]" started-at="2024-06-13T12:00:31 IST" name="closeBrowser" finished-at="2024-06-13T12:00:33 IST" duration-ms="2423" status="PASS">
          <reporter-output>
          </reporter-output>
        </test-method> <!-- closeBrowser -->
        <test-method is-config="true" signature="openBrowser(java.lang.String)[pri:0, instance:com.agrilin.testscript.InvalidLogIn@6c8bca63]" started-at="2024-06-13T12:00:33 IST" name="openBrowser" finished-at="2024-06-13T12:00:44 IST" duration-ms="11449" status="PASS">
          <params>
            <param index="0">
              <value>
                <![CDATA[firefox]]>
              </value>
            </param>
          </params>
          <reporter-output>
          </reporter-output>
        </test-method> <!-- openBrowser -->
        <test-method signature="inValidLoginScenaio_2()[pri:0, instance:com.agrilin.testscript.InvalidLogIn@6c8bca63]" started-at="2024-06-13T12:00:44 IST" name="inValidLoginScenaio_2" finished-at="2024-06-13T12:00:45 IST" duration-ms="719" status="PASS">
          <reporter-output>
          </reporter-output>
        </test-method> <!-- inValidLoginScenaio_2 -->
        <test-method is-config="true" signature="closeBrowser()[pri:0, instance:com.agrilin.testscript.InvalidLogIn@6c8bca63]" started-at="2024-06-13T12:00:45 IST" name="closeBrowser" finished-at="2024-06-13T12:00:47 IST" duration-ms="1636" status="PASS">
          <reporter-output>
          </reporter-output>
        </test-method> <!-- closeBrowser -->
      </class> <!-- com.agrilin.testscript.InvalidLogIn -->
      <class name="com.agrilin.testscript.TrendingProductsTest">
        <test-method is-config="true" signature="openBrowser(java.lang.String)[pri:0, instance:com.agrilin.testscript.TrendingProductsTest@277f7dd3]" started-at="2024-06-13T11:59:34 IST" name="openBrowser" finished-at="2024-06-13T11:59:52 IST" duration-ms="18752" status="PASS">
          <params>
            <param index="0">
              <value>
                <![CDATA[firefox]]>
              </value>
            </param>
          </params>
          <reporter-output>
          </reporter-output>
        </test-method> <!-- openBrowser -->
        <test-method signature="trendingProducts()[pri:0, instance:com.agrilin.testscript.TrendingProductsTest@277f7dd3]" started-at="2024-06-13T11:59:52 IST" name="trendingProducts" finished-at="2024-06-13T12:00:07 IST" duration-ms="14900" status="PASS">
          <reporter-output>
          </reporter-output>
        </test-method> <!-- trendingProducts -->
        <test-method is-config="true" signature="closeBrowser()[pri:0, instance:com.agrilin.testscript.TrendingProductsTest@277f7dd3]" started-at="2024-06-13T12:00:08 IST" name="closeBrowser" finished-at="2024-06-13T12:00:10 IST" duration-ms="2344" status="PASS">
          <reporter-output>
          </reporter-output>
        </test-method> <!-- closeBrowser -->
      </class> <!-- com.agrilin.testscript.TrendingProductsTest -->
    </test> <!-- Firefox Browser -->
  </suite> <!-- Suite -->
</testng-results>
